2023-08-23 16:58:26 - INFO - Adding job tentatively -- it will be properly scheduled when the scheduler starts
2023-08-23 16:58:26 - INFO - Added job "job" to job store "default"
2023-08-23 16:58:26 - INFO - Scheduler started
2023-08-23 16:58:26 - INFO - Bot: Анекдотики [@makser_humor_bot]
2023-08-23 16:58:27 - WARNING - Updates were skipped successfully.
2023-08-23 16:58:27 - INFO - Start polling.
2023-08-23 16:58:30 - INFO - User action: Sent joke (User ID: 6013011895, Joke ID: 9133)
2023-08-23 16:58:40 - INFO - User action: Sent joke (User ID: 6013011895, Joke ID: 5993)
2023-08-23 16:59:05 - INFO - User action: Sent joke (User ID: 5617952282, Joke ID: 221)
2023-08-23 16:59:07 - INFO - User action: Sent joke (User ID: 5617952282, Joke ID: 11953)
2023-08-23 16:59:49 - INFO - Adding job tentatively -- it will be properly scheduled when the scheduler starts
2023-08-23 16:59:49 - INFO - Added job "job" to job store "default"
2023-08-23 16:59:49 - INFO - Scheduler started
2023-08-23 16:59:49 - INFO - Bot: Анекдотики [@makser_humor_bot]
2023-08-23 16:59:49 - WARNING - Updates were skipped successfully.
2023-08-23 16:59:50 - INFO - Start polling.
2023-08-23 16:59:55 - INFO - User action: Sent joke (User ID: 5617952282, Joke ID: 10299)
2023-08-23 16:59:56 - INFO - User action: Sent joke (User ID: 5617952282, Joke ID: 10245)
2023-08-23 17:00:04 - INFO - User action: Sent joke (User ID: 5617952282, Joke ID: 5065)
2023-08-23 17:00:42 - INFO - Adding job tentatively -- it will be properly scheduled when the scheduler starts
2023-08-23 17:00:42 - INFO - Added job "job" to job store "default"
2023-08-23 17:00:42 - INFO - Scheduler started
2023-08-23 17:00:43 - INFO - Bot: Анекдотики [@makser_humor_bot]
2023-08-23 17:00:43 - WARNING - Updates were skipped successfully.
2023-08-23 17:00:43 - INFO - Start polling.
2023-08-23 17:00:47 - ERROR - Update: {"update_id": 247869128, "callback_query": {"id": "5682177250824799061", "from": {"id": 5617952282, "is_bot": false, "first_name": "Nobody", "username": "iAmNotiAmWell", "language_code": "uk"}, "message": {"message_id": 22469, "from": {"id": 6293095869, "is_bot": true, "first_name": "Анекдотики", "username": "makser_humor_bot"}, "chat": {"id": 5617952282, "first_name": "Nobody", "username": "iAmNotiAmWell", "type": "private"}, "date": 1692799205, "text": "Натисніть кнопку, щоб отримати анекдот.", "reply_markup": {"inline_keyboard": [[{"text": "🔀Випадковий анекдот", "callback_data": "random_joke"}], [{"text": "🔖Обрати категорію", "callback_data": "select_category"}]]}}, "chat_instance": "348328501407311940", "data": "random_joke"}}
Exception: misuse of aggregate: MAX()
2023-08-23 17:00:47 - ERROR - Task exception was never retrieved
future: <Task finished name='Task-11' coro=<Dispatcher._process_polling_updates() done, defined at /Users/makser/Desktop/Python/Joke-Bot/venv/lib/python3.9/site-packages/aiogram/dispatcher/dispatcher.py:407> exception=OperationalError('misuse of aggregate: MAX()')>
Traceback (most recent call last):
  File "/Users/makser/Desktop/Python/Joke-Bot/venv/lib/python3.9/site-packages/aiogram/dispatcher/dispatcher.py", line 415, in _process_polling_updates
    for responses in itertools.chain.from_iterable(await self.process_updates(updates, fast)):
  File "/Users/makser/Desktop/Python/Joke-Bot/venv/lib/python3.9/site-packages/aiogram/dispatcher/dispatcher.py", line 235, in process_updates
    return await asyncio.gather(*tasks)
  File "/Users/makser/Desktop/Python/Joke-Bot/venv/lib/python3.9/site-packages/aiogram/dispatcher/handler.py", line 117, in notify
    response = await handler_obj.handler(*args, **partial_data)
  File "/Users/makser/Desktop/Python/Joke-Bot/venv/lib/python3.9/site-packages/aiogram/dispatcher/dispatcher.py", line 283, in process_update
    return await self.callback_query_handlers.notify(update.callback_query)
  File "/Users/makser/Desktop/Python/Joke-Bot/venv/lib/python3.9/site-packages/aiogram/dispatcher/handler.py", line 117, in notify
    response = await handler_obj.handler(*args, **partial_data)
  File "/Users/makser/Desktop/Python/Joke-Bot/handlers/user.py", line 274, in send_joke_private
    result = await db.get_joke(user_id, table_name)
  File "/Users/makser/Desktop/Python/Joke-Bot/services/db.py", line 81, in get_joke
    return self.cursor.execute(
sqlite3.OperationalError: misuse of aggregate: MAX()
2023-08-23 17:02:16 - INFO - Adding job tentatively -- it will be properly scheduled when the scheduler starts
2023-08-23 17:02:16 - INFO - Added job "job" to job store "default"
2023-08-23 17:02:16 - INFO - Scheduler started
2023-08-23 17:02:16 - INFO - Bot: Анекдотики [@makser_humor_bot]
2023-08-23 17:02:16 - WARNING - Updates were skipped successfully.
2023-08-23 17:02:17 - INFO - Start polling.
2023-08-23 17:02:19 - INFO - User action: Sent joke (User ID: 5617952282, Joke ID: 9609)
2023-08-23 17:02:27 - INFO - User action: Sent joke (User ID: 5617952282, Joke ID: 8327)
2023-08-23 17:03:04 - INFO - Adding job tentatively -- it will be properly scheduled when the scheduler starts
2023-08-23 17:03:04 - INFO - Added job "job" to job store "default"
2023-08-23 17:03:04 - INFO - Scheduler started
2023-08-23 17:03:04 - INFO - Bot: Анекдотики [@makser_humor_bot]
2023-08-23 17:03:05 - WARNING - Updates were skipped successfully.
2023-08-23 17:03:05 - INFO - Start polling.
2023-08-23 17:03:08 - INFO - User action: Sent joke (User ID: 5617952282, Joke ID: 6285)
2023-08-23 17:03:13 - INFO - User action: Sent joke (User ID: 5617952282, Joke ID: 8495)
2023-08-23 17:05:03 - INFO - Adding job tentatively -- it will be properly scheduled when the scheduler starts
2023-08-23 17:05:03 - INFO - Added job "job" to job store "default"
2023-08-23 17:05:03 - INFO - Scheduler started
2023-08-23 17:05:04 - INFO - Bot: Анекдотики [@makser_humor_bot]
2023-08-23 17:05:04 - WARNING - Updates were skipped successfully.
2023-08-23 17:05:04 - INFO - Start polling.
2023-08-23 17:05:17 - INFO - User action: Sent joke (User ID: 5617952282, Joke ID: 11308)
2023-08-23 17:05:31 - INFO - User action: Sent joke (User ID: 6013011895, Joke ID: 11561)
2023-08-23 17:05:38 - INFO - User action: Sent joke (User ID: 6013011895, Joke ID: 8657)
2023-08-23 17:05:48 - INFO - User action: Sent joke (User ID: 5617952282, Joke ID: 6913)
2023-08-23 17:06:21 - INFO - Adding job tentatively -- it will be properly scheduled when the scheduler starts
2023-08-23 17:06:21 - INFO - Added job "job" to job store "default"
2023-08-23 17:06:21 - INFO - Scheduler started
2023-08-23 17:06:21 - INFO - Bot: Анекдотики [@makser_humor_bot]
2023-08-23 17:06:21 - WARNING - Updates were skipped successfully.
2023-08-23 17:06:22 - INFO - Start polling.
2023-08-23 17:06:24 - INFO - User action: Sent joke (User ID: 5617952282, Joke ID: 4672)
2023-08-23 17:06:26 - INFO - User action: Sent joke (User ID: 5617952282, Joke ID: 3672)
2023-08-23 17:06:54 - INFO - Adding job tentatively -- it will be properly scheduled when the scheduler starts
2023-08-23 17:06:54 - INFO - Added job "job" to job store "default"
2023-08-23 17:06:54 - INFO - Scheduler started
2023-08-23 17:06:54 - INFO - Bot: Анекдотики [@makser_humor_bot]
2023-08-23 17:06:54 - WARNING - Updates were skipped successfully.
2023-08-23 17:06:54 - INFO - Start polling.
2023-08-23 17:07:18 - INFO - Adding job tentatively -- it will be properly scheduled when the scheduler starts
2023-08-23 17:07:18 - INFO - Added job "job" to job store "default"
2023-08-23 17:07:18 - INFO - Scheduler started
2023-08-23 17:07:18 - INFO - Bot: Анекдотики [@makser_humor_bot]
2023-08-23 17:07:18 - WARNING - Updates were skipped successfully.
2023-08-23 17:07:18 - INFO - Start polling.
2023-08-23 17:07:21 - INFO - User action: Sent joke (User ID: 5617952282, Joke ID: 6383)
2023-08-23 17:07:45 - INFO - Stop polling...
2023-08-23 17:07:45 - WARNING - Goodbye!
2023-08-23 17:07:50 - INFO - Adding job tentatively -- it will be properly scheduled when the scheduler starts
2023-08-23 17:07:50 - INFO - Added job "job" to job store "default"
2023-08-23 17:07:50 - INFO - Scheduler started
2023-08-23 17:07:50 - INFO - Bot: Анекдотики [@makser_humor_bot]
2023-08-23 17:07:50 - WARNING - Updates were skipped successfully.
2023-08-23 17:07:50 - INFO - Start polling.
2023-08-23 17:07:51 - INFO - User action: Sent joke (User ID: 5617952282, Joke ID: 2711)
2023-08-23 17:07:54 - INFO - User action: Sent joke (User ID: 5617952282, Joke ID: 2224)
2023-08-23 17:09:04 - INFO - Adding job tentatively -- it will be properly scheduled when the scheduler starts
2023-08-23 17:09:04 - INFO - Added job "job" to job store "default"
2023-08-23 17:09:04 - INFO - Scheduler started
2023-08-23 17:09:04 - INFO - Bot: Анекдотики [@makser_humor_bot]
2023-08-23 17:09:04 - WARNING - Updates were skipped successfully.
2023-08-23 17:09:04 - INFO - Start polling.
2023-08-23 17:09:08 - INFO - User action: Sent joke (User ID: 5617952282, Joke ID: 8452)
2023-08-23 17:09:28 - INFO - Adding job tentatively -- it will be properly scheduled when the scheduler starts
2023-08-23 17:09:28 - INFO - Added job "job" to job store "default"
2023-08-23 17:09:28 - INFO - Scheduler started
2023-08-23 17:09:28 - INFO - Bot: Анекдотики [@makser_humor_bot]
2023-08-23 17:09:28 - WARNING - Updates were skipped successfully.
2023-08-23 17:09:28 - INFO - Start polling.
2023-08-23 17:10:02 - INFO - Adding job tentatively -- it will be properly scheduled when the scheduler starts
2023-08-23 17:10:02 - INFO - Added job "job" to job store "default"
2023-08-23 17:10:02 - INFO - Scheduler started
2023-08-23 17:10:02 - INFO - Bot: Анекдотики [@makser_humor_bot]
2023-08-23 17:10:02 - WARNING - Updates were skipped successfully.
2023-08-23 17:10:03 - INFO - Start polling.
2023-08-23 17:10:06 - INFO - User action: Sent joke (User ID: 5617952282, Joke ID: 56)
2023-08-23 17:10:30 - INFO - User action: Sent joke (User ID: 5617952282, Joke ID: 5208)
2023-08-23 17:11:03 - INFO - User action: /start (User ID: 6491955029)
2023-08-23 17:11:05 - INFO - User action: Sent joke (User ID: 6491955029, Joke ID: 11605)
2023-08-23 17:14:16 - INFO - Adding job tentatively -- it will be properly scheduled when the scheduler starts
2023-08-23 17:14:16 - INFO - Added job "job" to job store "default"
2023-08-23 17:14:16 - INFO - Scheduler started
2023-08-23 17:14:17 - INFO - Bot: Анекдотики [@makser_humor_bot]
2023-08-23 17:14:17 - WARNING - Updates were skipped successfully.
2023-08-23 17:14:17 - INFO - Start polling.
2023-08-23 17:14:25 - INFO - User action: Sent joke (User ID: 6013011895, Joke ID: 8675)
2023-08-23 17:14:31 - INFO - User action: Sent joke (User ID: 6491955029, Joke ID: 9860)
2023-08-23 17:14:41 - INFO - Adding job tentatively -- it will be properly scheduled when the scheduler starts
2023-08-23 17:14:41 - INFO - Added job "job" to job store "default"
2023-08-23 17:14:41 - INFO - Scheduler started
2023-08-23 17:14:42 - INFO - Bot: Анекдотики [@makser_humor_bot]
2023-08-23 17:14:42 - WARNING - Updates were skipped successfully.
2023-08-23 17:14:42 - INFO - Start polling.
2023-08-23 17:14:45 - INFO - User action: Sent joke (User ID: 6491955029, Joke ID: 2742)
2023-08-23 17:14:51 - INFO - User action: Sent joke (User ID: 6491955029, Joke ID: 2899)
2023-08-23 17:15:00 - INFO - User action: Sent joke (User ID: 6491955029, Joke ID: 3784)
2023-08-23 17:15:16 - INFO - Adding job tentatively -- it will be properly scheduled when the scheduler starts
2023-08-23 17:15:16 - INFO - Added job "job" to job store "default"
2023-08-23 17:15:16 - INFO - Scheduler started
2023-08-23 17:15:16 - INFO - Bot: Анекдотики [@makser_humor_bot]
2023-08-23 17:15:16 - WARNING - Updates were skipped successfully.
2023-08-23 17:15:16 - INFO - Start polling.
2023-08-23 17:15:20 - INFO - User action: Sent joke (User ID: 6013011895, Joke ID: 99)
2023-08-23 17:15:34 - INFO - User action: Sent joke (User ID: 5617952282, Joke ID: 5)
2023-08-23 17:15:40 - INFO - User action: Sent joke (User ID: 6491955029, Joke ID: 3)
2023-08-23 17:15:56 - INFO - User action: Sent joke (User ID: 5617952282, Joke ID: 6)
2023-08-23 17:16:02 - INFO - User action: Sent joke (User ID: 6491955029, Joke ID: 4)
2023-08-23 17:18:33 - INFO - Adding job tentatively -- it will be properly scheduled when the scheduler starts
2023-08-23 17:18:33 - INFO - Added job "job" to job store "default"
2023-08-23 17:18:33 - INFO - Scheduler started
2023-08-23 17:18:33 - INFO - Bot: Анекдотики [@makser_humor_bot]
2023-08-23 17:18:33 - WARNING - Updates were skipped successfully.
2023-08-23 17:18:33 - INFO - Start polling.
2023-08-23 17:18:40 - INFO - User action: Sent joke (User ID: 6491955029, Joke ID: 11303)
2023-08-23 17:18:48 - INFO - User action: Sent joke (User ID: 6491955029, Joke ID: 6285)
2023-08-23 17:18:53 - INFO - User action: Sent joke (User ID: 6491955029, Joke ID: 2783)
2023-08-23 17:20:11 - INFO - Adding job tentatively -- it will be properly scheduled when the scheduler starts
2023-08-23 17:20:11 - INFO - Added job "job" to job store "default"
2023-08-23 17:20:11 - INFO - Scheduler started
2023-08-23 17:20:12 - INFO - Bot: Анекдотики [@makser_humor_bot]
2023-08-23 17:20:12 - WARNING - Updates were skipped successfully.
2023-08-23 17:20:12 - INFO - Start polling.
2023-08-23 17:20:17 - ERROR - Update: {"update_id": 247869194, "callback_query": {"id": "212618426613065482", "from": {"id": 6491955029, "is_bot": false, "first_name": "Fhu77u", "username": "Fhu77u", "language_code": "uk"}, "message": {"message_id": 22547, "from": {"id": 6293095869, "is_bot": true, "first_name": "Анекдотики", "username": "makser_humor_bot"}, "chat": {"id": 6491955029, "first_name": "Fhu77u", "username": "Fhu77u", "type": "private"}, "date": 1692800333, "edit_date": 1692800415, "text": "Привіт, будь ласка, оберіть, про що ви хочете анекдот:", "reply_markup": {"inline_keyboard": [[{"text": "💵Гроші", "callback_data": "joke:про_гроші"}, {"text": "👨‍👩‍👦‍👦Родину", "callback_data": "joke:про_родину"}], [{"text": "👱‍♀️Блондинок", "callback_data": "joke:про_білявок"}], [{"text": "👵Тещу", "callback_data": "joke:про_тещу"}, {"text": "🏫Школу", "callback_data": "joke:про_школу"}], [{"text": "👦Вовочку", "callback_data": "joke:про_вовочку"}], [{"text": "🏥Медицину", "callback_data": "joke:про_медицину"}, {"text": "🎓Студентів", "callback_data": "joke:про_студентів"}], [{"text": "🏢Роботу", "callback_data": "joke:про_роботу"}], [{"text": "🔙Назад", "callback_data": "back_to_random"}]]}}, "chat_instance": "-8135377717867962763", "data": "joke:про_школу"}}
Exception: Incorrect number of bindings supplied. The current statement uses 2, and there are 3 supplied.
2023-08-23 17:20:17 - ERROR - Task exception was never retrieved
future: <Task finished name='Task-15' coro=<Dispatcher._process_polling_updates() done, defined at /Users/makser/Desktop/Python/Joke-Bot/venv/lib/python3.9/site-packages/aiogram/dispatcher/dispatcher.py:407> exception=ProgrammingError('Incorrect number of bindings supplied. The current statement uses 2, and there are 3 supplied.')>
Traceback (most recent call last):
  File "/Users/makser/Desktop/Python/Joke-Bot/venv/lib/python3.9/site-packages/aiogram/dispatcher/dispatcher.py", line 415, in _process_polling_updates
    for responses in itertools.chain.from_iterable(await self.process_updates(updates, fast)):
  File "/Users/makser/Desktop/Python/Joke-Bot/venv/lib/python3.9/site-packages/aiogram/dispatcher/dispatcher.py", line 235, in process_updates
    return await asyncio.gather(*tasks)
  File "/Users/makser/Desktop/Python/Joke-Bot/venv/lib/python3.9/site-packages/aiogram/dispatcher/handler.py", line 117, in notify
    response = await handler_obj.handler(*args, **partial_data)
  File "/Users/makser/Desktop/Python/Joke-Bot/venv/lib/python3.9/site-packages/aiogram/dispatcher/dispatcher.py", line 283, in process_update
    return await self.callback_query_handlers.notify(update.callback_query)
  File "/Users/makser/Desktop/Python/Joke-Bot/venv/lib/python3.9/site-packages/aiogram/dispatcher/handler.py", line 117, in notify
    response = await handler_obj.handler(*args, **partial_data)
  File "/Users/makser/Desktop/Python/Joke-Bot/handlers/user.py", line 221, in send_category_joke_pivate
    result = await db.get_tagged_joke(user_id, table_name, tag)
  File "/Users/makser/Desktop/Python/Joke-Bot/services/db.py", line 92, in get_tagged_joke
    return self.cursor.execute(
sqlite3.ProgrammingError: Incorrect number of bindings supplied. The current statement uses 2, and there are 3 supplied.
2023-08-23 17:20:21 - ERROR - Update: {"update_id": 247869195, "callback_query": {"id": "212618430329627933", "from": {"id": 6491955029, "is_bot": false, "first_name": "Fhu77u", "username": "Fhu77u", "language_code": "uk"}, "message": {"message_id": 22547, "from": {"id": 6293095869, "is_bot": true, "first_name": "Анекдотики", "username": "makser_humor_bot"}, "chat": {"id": 6491955029, "first_name": "Fhu77u", "username": "Fhu77u", "type": "private"}, "date": 1692800333, "edit_date": 1692800415, "text": "Привіт, будь ласка, оберіть, про що ви хочете анекдот:", "reply_markup": {"inline_keyboard": [[{"text": "💵Гроші", "callback_data": "joke:про_гроші"}, {"text": "👨‍👩‍👦‍👦Родину", "callback_data": "joke:про_родину"}], [{"text": "👱‍♀️Блондинок", "callback_data": "joke:про_білявок"}], [{"text": "👵Тещу", "callback_data": "joke:про_тещу"}, {"text": "🏫Школу", "callback_data": "joke:про_школу"}], [{"text": "👦Вовочку", "callback_data": "joke:про_вовочку"}], [{"text": "🏥Медицину", "callback_data": "joke:про_медицину"}, {"text": "🎓Студентів", "callback_data": "joke:про_студентів"}], [{"text": "🏢Роботу", "callback_data": "joke:про_роботу"}], [{"text": "🔙Назад", "callback_data": "back_to_random"}]]}}, "chat_instance": "-8135377717867962763", "data": "joke:про_родину"}}
Exception: Incorrect number of bindings supplied. The current statement uses 2, and there are 3 supplied.
2023-08-23 17:20:21 - ERROR - Task exception was never retrieved
future: <Task finished name='Task-18' coro=<Dispatcher._process_polling_updates() done, defined at /Users/makser/Desktop/Python/Joke-Bot/venv/lib/python3.9/site-packages/aiogram/dispatcher/dispatcher.py:407> exception=ProgrammingError('Incorrect number of bindings supplied. The current statement uses 2, and there are 3 supplied.')>
Traceback (most recent call last):
  File "/Users/makser/Desktop/Python/Joke-Bot/venv/lib/python3.9/site-packages/aiogram/dispatcher/dispatcher.py", line 415, in _process_polling_updates
    for responses in itertools.chain.from_iterable(await self.process_updates(updates, fast)):
  File "/Users/makser/Desktop/Python/Joke-Bot/venv/lib/python3.9/site-packages/aiogram/dispatcher/dispatcher.py", line 235, in process_updates
    return await asyncio.gather(*tasks)
  File "/Users/makser/Desktop/Python/Joke-Bot/venv/lib/python3.9/site-packages/aiogram/dispatcher/handler.py", line 117, in notify
    response = await handler_obj.handler(*args, **partial_data)
  File "/Users/makser/Desktop/Python/Joke-Bot/venv/lib/python3.9/site-packages/aiogram/dispatcher/dispatcher.py", line 283, in process_update
    return await self.callback_query_handlers.notify(update.callback_query)
  File "/Users/makser/Desktop/Python/Joke-Bot/venv/lib/python3.9/site-packages/aiogram/dispatcher/handler.py", line 117, in notify
    response = await handler_obj.handler(*args, **partial_data)
  File "/Users/makser/Desktop/Python/Joke-Bot/handlers/user.py", line 221, in send_category_joke_pivate
    result = await db.get_tagged_joke(user_id, table_name, tag)
  File "/Users/makser/Desktop/Python/Joke-Bot/services/db.py", line 92, in get_tagged_joke
    return self.cursor.execute(
sqlite3.ProgrammingError: Incorrect number of bindings supplied. The current statement uses 2, and there are 3 supplied.
2023-08-23 17:20:22 - ERROR - Update: {"update_id": 247869196, "callback_query": {"id": "212618429301308374", "from": {"id": 6491955029, "is_bot": false, "first_name": "Fhu77u", "username": "Fhu77u", "language_code": "uk"}, "message": {"message_id": 22547, "from": {"id": 6293095869, "is_bot": true, "first_name": "Анекдотики", "username": "makser_humor_bot"}, "chat": {"id": 6491955029, "first_name": "Fhu77u", "username": "Fhu77u", "type": "private"}, "date": 1692800333, "edit_date": 1692800415, "text": "Привіт, будь ласка, оберіть, про що ви хочете анекдот:", "reply_markup": {"inline_keyboard": [[{"text": "💵Гроші", "callback_data": "joke:про_гроші"}, {"text": "👨‍👩‍👦‍👦Родину", "callback_data": "joke:про_родину"}], [{"text": "👱‍♀️Блондинок", "callback_data": "joke:про_білявок"}], [{"text": "👵Тещу", "callback_data": "joke:про_тещу"}, {"text": "🏫Школу", "callback_data": "joke:про_школу"}], [{"text": "👦Вовочку", "callback_data": "joke:про_вовочку"}], [{"text": "🏥Медицину", "callback_data": "joke:про_медицину"}, {"text": "🎓Студентів", "callback_data": "joke:про_студентів"}], [{"text": "🏢Роботу", "callback_data": "joke:про_роботу"}], [{"text": "🔙Назад", "callback_data": "back_to_random"}]]}}, "chat_instance": "-8135377717867962763", "data": "joke:про_гроші"}}
Exception: Incorrect number of bindings supplied. The current statement uses 2, and there are 3 supplied.
2023-08-23 17:20:22 - ERROR - Task exception was never retrieved
future: <Task finished name='Task-21' coro=<Dispatcher._process_polling_updates() done, defined at /Users/makser/Desktop/Python/Joke-Bot/venv/lib/python3.9/site-packages/aiogram/dispatcher/dispatcher.py:407> exception=ProgrammingError('Incorrect number of bindings supplied. The current statement uses 2, and there are 3 supplied.')>
Traceback (most recent call last):
  File "/Users/makser/Desktop/Python/Joke-Bot/venv/lib/python3.9/site-packages/aiogram/dispatcher/dispatcher.py", line 415, in _process_polling_updates
    for responses in itertools.chain.from_iterable(await self.process_updates(updates, fast)):
  File "/Users/makser/Desktop/Python/Joke-Bot/venv/lib/python3.9/site-packages/aiogram/dispatcher/dispatcher.py", line 235, in process_updates
    return await asyncio.gather(*tasks)
  File "/Users/makser/Desktop/Python/Joke-Bot/venv/lib/python3.9/site-packages/aiogram/dispatcher/handler.py", line 117, in notify
    response = await handler_obj.handler(*args, **partial_data)
  File "/Users/makser/Desktop/Python/Joke-Bot/venv/lib/python3.9/site-packages/aiogram/dispatcher/dispatcher.py", line 283, in process_update
    return await self.callback_query_handlers.notify(update.callback_query)
  File "/Users/makser/Desktop/Python/Joke-Bot/venv/lib/python3.9/site-packages/aiogram/dispatcher/handler.py", line 117, in notify
    response = await handler_obj.handler(*args, **partial_data)
  File "/Users/makser/Desktop/Python/Joke-Bot/handlers/user.py", line 221, in send_category_joke_pivate
    result = await db.get_tagged_joke(user_id, table_name, tag)
  File "/Users/makser/Desktop/Python/Joke-Bot/services/db.py", line 92, in get_tagged_joke
    return self.cursor.execute(
sqlite3.ProgrammingError: Incorrect number of bindings supplied. The current statement uses 2, and there are 3 supplied.
2023-08-23 17:20:22 - ERROR - Update: {"update_id": 247869197, "callback_query": {"id": "212618427216564142", "from": {"id": 6491955029, "is_bot": false, "first_name": "Fhu77u", "username": "Fhu77u", "language_code": "uk"}, "message": {"message_id": 22547, "from": {"id": 6293095869, "is_bot": true, "first_name": "Анекдотики", "username": "makser_humor_bot"}, "chat": {"id": 6491955029, "first_name": "Fhu77u", "username": "Fhu77u", "type": "private"}, "date": 1692800333, "edit_date": 1692800415, "text": "Привіт, будь ласка, оберіть, про що ви хочете анекдот:", "reply_markup": {"inline_keyboard": [[{"text": "💵Гроші", "callback_data": "joke:про_гроші"}, {"text": "👨‍👩‍👦‍👦Родину", "callback_data": "joke:про_родину"}], [{"text": "👱‍♀️Блондинок", "callback_data": "joke:про_білявок"}], [{"text": "👵Тещу", "callback_data": "joke:про_тещу"}, {"text": "🏫Школу", "callback_data": "joke:про_школу"}], [{"text": "👦Вовочку", "callback_data": "joke:про_вовочку"}], [{"text": "🏥Медицину", "callback_data": "joke:про_медицину"}, {"text": "🎓Студентів", "callback_data": "joke:про_студентів"}], [{"text": "🏢Роботу", "callback_data": "joke:про_роботу"}], [{"text": "🔙Назад", "callback_data": "back_to_random"}]]}}, "chat_instance": "-8135377717867962763", "data": "joke:про_білявок"}}
Exception: Incorrect number of bindings supplied. The current statement uses 2, and there are 3 supplied.
2023-08-23 17:20:22 - ERROR - Task exception was never retrieved
future: <Task finished name='Task-24' coro=<Dispatcher._process_polling_updates() done, defined at /Users/makser/Desktop/Python/Joke-Bot/venv/lib/python3.9/site-packages/aiogram/dispatcher/dispatcher.py:407> exception=ProgrammingError('Incorrect number of bindings supplied. The current statement uses 2, and there are 3 supplied.')>
Traceback (most recent call last):
  File "/Users/makser/Desktop/Python/Joke-Bot/venv/lib/python3.9/site-packages/aiogram/dispatcher/dispatcher.py", line 415, in _process_polling_updates
    for responses in itertools.chain.from_iterable(await self.process_updates(updates, fast)):
  File "/Users/makser/Desktop/Python/Joke-Bot/venv/lib/python3.9/site-packages/aiogram/dispatcher/dispatcher.py", line 235, in process_updates
    return await asyncio.gather(*tasks)
  File "/Users/makser/Desktop/Python/Joke-Bot/venv/lib/python3.9/site-packages/aiogram/dispatcher/handler.py", line 117, in notify
    response = await handler_obj.handler(*args, **partial_data)
  File "/Users/makser/Desktop/Python/Joke-Bot/venv/lib/python3.9/site-packages/aiogram/dispatcher/dispatcher.py", line 283, in process_update
    return await self.callback_query_handlers.notify(update.callback_query)
  File "/Users/makser/Desktop/Python/Joke-Bot/venv/lib/python3.9/site-packages/aiogram/dispatcher/handler.py", line 117, in notify
    response = await handler_obj.handler(*args, **partial_data)
  File "/Users/makser/Desktop/Python/Joke-Bot/handlers/user.py", line 221, in send_category_joke_pivate
    result = await db.get_tagged_joke(user_id, table_name, tag)
  File "/Users/makser/Desktop/Python/Joke-Bot/services/db.py", line 92, in get_tagged_joke
    return self.cursor.execute(
sqlite3.ProgrammingError: Incorrect number of bindings supplied. The current statement uses 2, and there are 3 supplied.
2023-08-23 17:20:22 - ERROR - Update: {"update_id": 247869198, "callback_query": {"id": "212618428186752035", "from": {"id": 6491955029, "is_bot": false, "first_name": "Fhu77u", "username": "Fhu77u", "language_code": "uk"}, "message": {"message_id": 22547, "from": {"id": 6293095869, "is_bot": true, "first_name": "Анекдотики", "username": "makser_humor_bot"}, "chat": {"id": 6491955029, "first_name": "Fhu77u", "username": "Fhu77u", "type": "private"}, "date": 1692800333, "edit_date": 1692800415, "text": "Привіт, будь ласка, оберіть, про що ви хочете анекдот:", "reply_markup": {"inline_keyboard": [[{"text": "💵Гроші", "callback_data": "joke:про_гроші"}, {"text": "👨‍👩‍👦‍👦Родину", "callback_data": "joke:про_родину"}], [{"text": "👱‍♀️Блондинок", "callback_data": "joke:про_білявок"}], [{"text": "👵Тещу", "callback_data": "joke:про_тещу"}, {"text": "🏫Школу", "callback_data": "joke:про_школу"}], [{"text": "👦Вовочку", "callback_data": "joke:про_вовочку"}], [{"text": "🏥Медицину", "callback_data": "joke:про_медицину"}, {"text": "🎓Студентів", "callback_data": "joke:про_студентів"}], [{"text": "🏢Роботу", "callback_data": "joke:про_роботу"}], [{"text": "🔙Назад", "callback_data": "back_to_random"}]]}}, "chat_instance": "-8135377717867962763", "data": "joke:про_вовочку"}}
Exception: Incorrect number of bindings supplied. The current statement uses 2, and there are 3 supplied.
2023-08-23 17:20:22 - ERROR - Task exception was never retrieved
future: <Task finished name='Task-27' coro=<Dispatcher._process_polling_updates() done, defined at /Users/makser/Desktop/Python/Joke-Bot/venv/lib/python3.9/site-packages/aiogram/dispatcher/dispatcher.py:407> exception=ProgrammingError('Incorrect number of bindings supplied. The current statement uses 2, and there are 3 supplied.')>
Traceback (most recent call last):
  File "/Users/makser/Desktop/Python/Joke-Bot/venv/lib/python3.9/site-packages/aiogram/dispatcher/dispatcher.py", line 415, in _process_polling_updates
    for responses in itertools.chain.from_iterable(await self.process_updates(updates, fast)):
  File "/Users/makser/Desktop/Python/Joke-Bot/venv/lib/python3.9/site-packages/aiogram/dispatcher/dispatcher.py", line 235, in process_updates
    return await asyncio.gather(*tasks)
  File "/Users/makser/Desktop/Python/Joke-Bot/venv/lib/python3.9/site-packages/aiogram/dispatcher/handler.py", line 117, in notify
    response = await handler_obj.handler(*args, **partial_data)
  File "/Users/makser/Desktop/Python/Joke-Bot/venv/lib/python3.9/site-packages/aiogram/dispatcher/dispatcher.py", line 283, in process_update
    return await self.callback_query_handlers.notify(update.callback_query)
  File "/Users/makser/Desktop/Python/Joke-Bot/venv/lib/python3.9/site-packages/aiogram/dispatcher/handler.py", line 117, in notify
    response = await handler_obj.handler(*args, **partial_data)
  File "/Users/makser/Desktop/Python/Joke-Bot/handlers/user.py", line 221, in send_category_joke_pivate
    result = await db.get_tagged_joke(user_id, table_name, tag)
  File "/Users/makser/Desktop/Python/Joke-Bot/services/db.py", line 92, in get_tagged_joke
    return self.cursor.execute(
sqlite3.ProgrammingError: Incorrect number of bindings supplied. The current statement uses 2, and there are 3 supplied.
2023-08-23 17:20:22 - ERROR - Update: {"update_id": 247869199, "callback_query": {"id": "212618428374361630", "from": {"id": 6491955029, "is_bot": false, "first_name": "Fhu77u", "username": "Fhu77u", "language_code": "uk"}, "message": {"message_id": 22547, "from": {"id": 6293095869, "is_bot": true, "first_name": "Анекдотики", "username": "makser_humor_bot"}, "chat": {"id": 6491955029, "first_name": "Fhu77u", "username": "Fhu77u", "type": "private"}, "date": 1692800333, "edit_date": 1692800415, "text": "Привіт, будь ласка, оберіть, про що ви хочете анекдот:", "reply_markup": {"inline_keyboard": [[{"text": "💵Гроші", "callback_data": "joke:про_гроші"}, {"text": "👨‍👩‍👦‍👦Родину", "callback_data": "joke:про_родину"}], [{"text": "👱‍♀️Блондинок", "callback_data": "joke:про_білявок"}], [{"text": "👵Тещу", "callback_data": "joke:про_тещу"}, {"text": "🏫Школу", "callback_data": "joke:про_школу"}], [{"text": "👦Вовочку", "callback_data": "joke:про_вовочку"}], [{"text": "🏥Медицину", "callback_data": "joke:про_медицину"}, {"text": "🎓Студентів", "callback_data": "joke:про_студентів"}], [{"text": "🏢Роботу", "callback_data": "joke:про_роботу"}], [{"text": "🔙Назад", "callback_data": "back_to_random"}]]}}, "chat_instance": "-8135377717867962763", "data": "joke:про_вовочку"}}
Exception: Incorrect number of bindings supplied. The current statement uses 2, and there are 3 supplied.
2023-08-23 17:20:22 - ERROR - Task exception was never retrieved
future: <Task finished name='Task-30' coro=<Dispatcher._process_polling_updates() done, defined at /Users/makser/Desktop/Python/Joke-Bot/venv/lib/python3.9/site-packages/aiogram/dispatcher/dispatcher.py:407> exception=ProgrammingError('Incorrect number of bindings supplied. The current statement uses 2, and there are 3 supplied.')>
Traceback (most recent call last):
  File "/Users/makser/Desktop/Python/Joke-Bot/venv/lib/python3.9/site-packages/aiogram/dispatcher/dispatcher.py", line 415, in _process_polling_updates
    for responses in itertools.chain.from_iterable(await self.process_updates(updates, fast)):
  File "/Users/makser/Desktop/Python/Joke-Bot/venv/lib/python3.9/site-packages/aiogram/dispatcher/dispatcher.py", line 235, in process_updates
    return await asyncio.gather(*tasks)
  File "/Users/makser/Desktop/Python/Joke-Bot/venv/lib/python3.9/site-packages/aiogram/dispatcher/handler.py", line 117, in notify
    response = await handler_obj.handler(*args, **partial_data)
  File "/Users/makser/Desktop/Python/Joke-Bot/venv/lib/python3.9/site-packages/aiogram/dispatcher/dispatcher.py", line 283, in process_update
    return await self.callback_query_handlers.notify(update.callback_query)
  File "/Users/makser/Desktop/Python/Joke-Bot/venv/lib/python3.9/site-packages/aiogram/dispatcher/handler.py", line 117, in notify
    response = await handler_obj.handler(*args, **partial_data)
  File "/Users/makser/Desktop/Python/Joke-Bot/handlers/user.py", line 221, in send_category_joke_pivate
    result = await db.get_tagged_joke(user_id, table_name, tag)
  File "/Users/makser/Desktop/Python/Joke-Bot/services/db.py", line 92, in get_tagged_joke
    return self.cursor.execute(
sqlite3.ProgrammingError: Incorrect number of bindings supplied. The current statement uses 2, and there are 3 supplied.
2023-08-23 17:20:26 - ERROR - Update: {"update_id": 247869201, "callback_query": {"id": "212618427828886003", "from": {"id": 6491955029, "is_bot": false, "first_name": "Fhu77u", "username": "Fhu77u", "language_code": "uk"}, "message": {"message_id": 22547, "from": {"id": 6293095869, "is_bot": true, "first_name": "Анекдотики", "username": "makser_humor_bot"}, "chat": {"id": 6491955029, "first_name": "Fhu77u", "username": "Fhu77u", "type": "private"}, "date": 1692800333, "edit_date": 1692800426, "text": "Натисніть кнопку, щоб отримати анекдот.", "reply_markup": {"inline_keyboard": [[{"text": "🔀Випадковий анекдот", "callback_data": "random_joke"}], [{"text": "🔖Обрати категорію", "callback_data": "select_category"}]]}}, "chat_instance": "-8135377717867962763", "data": "back_to_random"}}
Exception: Message is not modified: specified new message content and reply markup are exactly the same as a current content and reply markup of the message
2023-08-23 17:20:26 - ERROR - Task exception was never retrieved
future: <Task finished name='Task-37' coro=<Dispatcher._process_polling_updates() done, defined at /Users/makser/Desktop/Python/Joke-Bot/venv/lib/python3.9/site-packages/aiogram/dispatcher/dispatcher.py:407> exception=MessageNotModified('Message is not modified: specified new message content and reply markup are exactly the same as a current content and reply markup of the message')>
Traceback (most recent call last):
  File "/Users/makser/Desktop/Python/Joke-Bot/venv/lib/python3.9/site-packages/aiogram/dispatcher/dispatcher.py", line 415, in _process_polling_updates
    for responses in itertools.chain.from_iterable(await self.process_updates(updates, fast)):
  File "/Users/makser/Desktop/Python/Joke-Bot/venv/lib/python3.9/site-packages/aiogram/dispatcher/dispatcher.py", line 235, in process_updates
    return await asyncio.gather(*tasks)
  File "/Users/makser/Desktop/Python/Joke-Bot/venv/lib/python3.9/site-packages/aiogram/dispatcher/handler.py", line 117, in notify
    response = await handler_obj.handler(*args, **partial_data)
  File "/Users/makser/Desktop/Python/Joke-Bot/venv/lib/python3.9/site-packages/aiogram/dispatcher/dispatcher.py", line 283, in process_update
    return await self.callback_query_handlers.notify(update.callback_query)
  File "/Users/makser/Desktop/Python/Joke-Bot/venv/lib/python3.9/site-packages/aiogram/dispatcher/handler.py", line 117, in notify
    response = await handler_obj.handler(*args, **partial_data)
  File "/Users/makser/Desktop/Python/Joke-Bot/handlers/user.py", line 210, in back_to_random
    await call.message.edit_text(bm.pres_button(), reply_markup=kb.random_keyboard())
  File "/Users/makser/Desktop/Python/Joke-Bot/venv/lib/python3.9/site-packages/aiogram/types/message.py", line 2919, in edit_text
    return await self.bot.edit_message_text(
  File "/Users/makser/Desktop/Python/Joke-Bot/venv/lib/python3.9/site-packages/aiogram/bot/bot.py", line 3122, in edit_message_text
    result = await self.request(api.Methods.EDIT_MESSAGE_TEXT, payload)
  File "/Users/makser/Desktop/Python/Joke-Bot/venv/lib/python3.9/site-packages/aiogram/bot/base.py", line 236, in request
    return await api.make_request(await self.get_session(), self.server, self.__token, method, data, files,
  File "/Users/makser/Desktop/Python/Joke-Bot/venv/lib/python3.9/site-packages/aiogram/bot/api.py", line 140, in make_request
    return check_result(method, response.content_type, response.status, await response.text())
  File "/Users/makser/Desktop/Python/Joke-Bot/venv/lib/python3.9/site-packages/aiogram/bot/api.py", line 115, in check_result
    exceptions.BadRequest.detect(description)
  File "/Users/makser/Desktop/Python/Joke-Bot/venv/lib/python3.9/site-packages/aiogram/utils/exceptions.py", line 140, in detect
    raise err(cls.text or description)
aiogram.utils.exceptions.MessageNotModified: Message is not modified: specified new message content and reply markup are exactly the same as a current content and reply markup of the message
2023-08-23 17:20:32 - ERROR - Update: {"update_id": 247869203, "callback_query": {"id": "212618427488285469", "from": {"id": 6491955029, "is_bot": false, "first_name": "Fhu77u", "username": "Fhu77u", "language_code": "uk"}, "message": {"message_id": 22547, "from": {"id": 6293095869, "is_bot": true, "first_name": "Анекдотики", "username": "makser_humor_bot"}, "chat": {"id": 6491955029, "first_name": "Fhu77u", "username": "Fhu77u", "type": "private"}, "date": 1692800333, "edit_date": 1692800427, "text": "Привіт, будь ласка, оберіть, про що ви хочете анекдот:", "reply_markup": {"inline_keyboard": [[{"text": "💵Гроші", "callback_data": "joke:про_гроші"}, {"text": "👨‍👩‍👦‍👦Родину", "callback_data": "joke:про_родину"}], [{"text": "👱‍♀️Блондинок", "callback_data": "joke:про_білявок"}], [{"text": "👵Тещу", "callback_data": "joke:про_тещу"}, {"text": "🏫Школу", "callback_data": "joke:про_школу"}], [{"text": "👦Вовочку", "callback_data": "joke:про_вовочку"}], [{"text": "🏥Медицину", "callback_data": "joke:про_медицину"}, {"text": "🎓Студентів", "callback_data": "joke:про_студентів"}], [{"text": "🏢Роботу", "callback_data": "joke:про_роботу"}], [{"text": "🔙Назад", "callback_data": "back_to_random"}]]}}, "chat_instance": "-8135377717867962763", "data": "joke:про_роботу"}}
Exception: Incorrect number of bindings supplied. The current statement uses 2, and there are 3 supplied.
2023-08-23 17:20:32 - ERROR - Task exception was never retrieved
future: <Task finished name='Task-45' coro=<Dispatcher._process_polling_updates() done, defined at /Users/makser/Desktop/Python/Joke-Bot/venv/lib/python3.9/site-packages/aiogram/dispatcher/dispatcher.py:407> exception=ProgrammingError('Incorrect number of bindings supplied. The current statement uses 2, and there are 3 supplied.')>
Traceback (most recent call last):
  File "/Users/makser/Desktop/Python/Joke-Bot/venv/lib/python3.9/site-packages/aiogram/dispatcher/dispatcher.py", line 415, in _process_polling_updates
    for responses in itertools.chain.from_iterable(await self.process_updates(updates, fast)):
  File "/Users/makser/Desktop/Python/Joke-Bot/venv/lib/python3.9/site-packages/aiogram/dispatcher/dispatcher.py", line 235, in process_updates
    return await asyncio.gather(*tasks)
  File "/Users/makser/Desktop/Python/Joke-Bot/venv/lib/python3.9/site-packages/aiogram/dispatcher/handler.py", line 117, in notify
    response = await handler_obj.handler(*args, **partial_data)
  File "/Users/makser/Desktop/Python/Joke-Bot/venv/lib/python3.9/site-packages/aiogram/dispatcher/dispatcher.py", line 283, in process_update
    return await self.callback_query_handlers.notify(update.callback_query)
  File "/Users/makser/Desktop/Python/Joke-Bot/venv/lib/python3.9/site-packages/aiogram/dispatcher/handler.py", line 117, in notify
    response = await handler_obj.handler(*args, **partial_data)
  File "/Users/makser/Desktop/Python/Joke-Bot/handlers/user.py", line 221, in send_category_joke_pivate
    result = await db.get_tagged_joke(user_id, table_name, tag)
  File "/Users/makser/Desktop/Python/Joke-Bot/services/db.py", line 92, in get_tagged_joke
    return self.cursor.execute(
sqlite3.ProgrammingError: Incorrect number of bindings supplied. The current statement uses 2, and there are 3 supplied.
2023-08-23 17:20:42 - INFO - User action: Sent joke (User ID: 6491955029, Joke ID: 8495)
2023-08-23 17:20:47 - INFO - User action: Sent joke (User ID: 6013011895, Joke ID: 3755)
2023-08-23 17:20:50 - INFO - User action: Sent joke (User ID: 6013011895, Joke ID: 3784)
2023-08-23 17:20:51 - INFO - User action: Sent joke (User ID: 6013011895, Joke ID: 5289)
2023-08-23 17:20:53 - INFO - User action: Sent joke (User ID: 6013011895, Joke ID: 3672)
2023-08-23 17:20:55 - INFO - User action: Sent joke (User ID: 6013011895, Joke ID: 457)
2023-08-23 17:20:57 - INFO - User action: Sent joke (User ID: 6013011895, Joke ID: 11308)
2023-08-23 17:21:00 - INFO - User action: Sent joke (User ID: 6013011895, Joke ID: 1110)
2023-08-23 17:21:01 - INFO - User action: Sent joke (User ID: 6013011895, Joke ID: 2224)
2023-08-23 17:21:04 - INFO - User action: Sent joke (User ID: 6013011895, Joke ID: 3849)
2023-08-23 17:21:10 - INFO - User action: Sent joke (User ID: 6013011895, Joke ID: 473)
2023-08-23 17:22:05 - INFO - Adding job tentatively -- it will be properly scheduled when the scheduler starts
2023-08-23 17:22:05 - INFO - Added job "job" to job store "default"
2023-08-23 17:22:05 - INFO - Scheduler started
2023-08-23 17:22:05 - INFO - Bot: Анекдотики [@makser_humor_bot]
2023-08-23 17:22:05 - WARNING - Updates were skipped successfully.
2023-08-23 17:22:05 - INFO - Start polling.
2023-08-23 17:22:11 - INFO - User action: Sent joke (User ID: 6013011895, Joke ID: 11734)
